2025-12-28 20:59:23,443 [INFO] LTD60 | ASSIGNED | Portuguese, Primeira Liga | Sporting Lisbon v Rio Ave | league=Portuguese, Primeira Liga
2025-12-28 20:59:23,524 [INFO] LTD60 | ENTRY1_PAPER_EXEC | Portuguese, Primeira Liga | Sporting Lisbon v Rio Ave | price=7.4 size=100.0
2025-12-28 20:59:36,643 [INFO] LTD60 | ASSIGNED | Portuguese, Primeira Liga | Sporting Lisbon v Rio Ave | league=Portuguese, Primeira Liga
2025-12-28 20:59:49,993 [INFO] LTD60 | ASSIGNED | Portuguese, Primeira Liga | Sporting Lisbon v Rio Ave | league=Portuguese, Primeira Liga
2025-12-28 21:00:03,240 [INFO] LTD60 | ASSIGNED | Portuguese, Primeira Liga | Sporting Lisbon v Rio Ave | league=Portuguese, Primeira Liga
2025-12-28 21:05:45,333 [INFO] LTD60 | ASSIGNED | Elite, Friendlies | Deportivo Irapuato FC v Guadalajara | league=Elite, Friendlies
2025-12-28 21:36:05,154 [INFO] LTD60 | ASSIGNED | Elite, Friendlies | Deportivo Irapuato FC v Guadalajara | league=Elite, Friendlies
2025-12-28 21:38:56,912 [INFO] LTD60 | ASSIGNED | Elite, Friendlies | Deportivo Irapuato FC v Guadalajara
2025-12-28 22:09:21,761 [INFO] LTD60 | ASSIGNED | Elite, Friendlies | Deportivo Irapuato FC v Guadalajara
2025-12-28 22:13:36,110 [INFO] LTD60 | ASSIGNED | Elite, Friendlies | Deportivo Irapuato FC v Guadalajara
2025-12-28 22:43:59,426 [INFO] LTD60 | ASSIGNED | Elite, Friendlies | Deportivo Irapuato FC v Guadalajara
2025-12-28 22:48:10,061 [INFO] LTD60 | ENTRY1_PAPER_EXEC | Elite, Friendlies | Deportivo Irapuato FC v Guadalajara | price=4.5 size=100.0
2025-12-29 12:58:55,828 [INFO] LTD60 | ASSIGNED | Indonesian Super League | Bali Utd Pusam v Dewa United FC
2025-12-29 12:58:55,984 [INFO] LTD60 | ASSIGNED | Indonesian Super League | Psim Yogyakarta v PSBS Biak Numfor
2025-12-29 12:58:56,743 [INFO] LTD60 | ASSIGNED | Indonesian Super League | Persija Jakarta v Bhayangkara FC
2025-12-29 12:58:58,446 [INFO] LTD60 | ASSIGNED | Saudi Professional League | Al-Khaleej Saihat v Al-Fateh (KSA)
2025-12-29 12:59:00,349 [INFO] LTD60 | ASSIGNED | Saudi Professional League | Al-Taawoun Buraidah v Al Najma Club
2025-12-29 12:59:00,497 [INFO] LTD60 | ASSIGNED | Saudi Professional League | Al Riyadh SC v Al-Hazm (KSA)
2025-12-29 12:59:01,277 [INFO] LTD60 | ASSIGNED | English Sky Bet League 2 | Newport County v Crewe
2025-12-29 12:59:01,561 [INFO] LTD60 | ASSIGNED | English Sky Bet League 1 | Bradford v Port Vale
2025-12-29 12:59:01,690 [INFO] LTD60 | ASSIGNED | English Sky Bet League 1 | Blackpool v Rotherham
2025-12-29 12:59:01,843 [INFO] LTD60 | ASSIGNED | English Sky Bet League 2 | Crawley Town v Bromley
2025-12-29 12:59:02,005 [INFO] LTD60 | ASSIGNED | English Sky Bet League 2 | Chesterfield v Cambridge Utd
2025-12-29 12:59:02,146 [INFO] LTD60 | ASSIGNED | English Sky Bet League 2 | Bristol Rovers v Barnet
2025-12-29 12:59:02,416 [INFO] LTD60 | ASSIGNED | English Sky Bet League 2 | Gillingham v Colchester
2025-12-29 12:59:02,555 [INFO] LTD60 | ASSIGNED | English Sky Bet League 1 | Barnsley v Lincoln
2025-12-29 12:59:02,737 [INFO] LTD60 | ASSIGNED | English Sky Bet League 2 | MK Dons v Notts Co
2025-12-29 12:59:02,890 [INFO] LTD60 | ASSIGNED | English Sky Bet League 1 | Huddersfield v Northampton
2025-12-29 12:59:03,187 [INFO] LTD60 | ASSIGNED | English Sky Bet League 2 | Grimsby v Shrewsbury
2025-12-29 12:59:03,653 [INFO] LTD60 | ASSIGNED | English Sky Bet League 1 | AFC Wimbledon v Exeter
2025-12-29 12:59:04,003 [INFO] LTD60 | ASSIGNED | English Sky Bet League 2 | Walsall v Oldham
2025-12-29 12:59:04,150 [INFO] LTD60 | ASSIGNED | English Sky Bet League 1 | Bolton v Mansfield
2025-12-29 12:59:04,459 [INFO] LTD60 | ASSIGNED | English Sky Bet League 1 | Plymouth v Wycombe
2025-12-29 12:59:04,605 [INFO] LTD60 | ASSIGNED | English Sky Bet League 1 | Peterborough v Reading
2025-12-29 12:59:04,889 [INFO] LTD60 | ASSIGNED | English Sky Bet League 2 | Salford City v Fleetwood Town
2025-12-29 12:59:05,052 [INFO] LTD60 | ASSIGNED | English Sky Bet League 1 | Luton v Leyton Orient
2025-12-29 12:59:05,216 [INFO] LTD60 | ASSIGNED | English Sky Bet League 1 | Burton Albion v Wigan
2025-12-29 12:59:05,348 [INFO] LTD60 | ASSIGNED | English Sky Bet League 2 | Cheltenham v Swindon
2025-12-29 12:59:05,653 [INFO] LTD60 | ASSIGNED | English Sky Bet League 1 | Cardiff v Stevenage
2025-12-29 12:59:05,821 [INFO] LTD60 | ASSIGNED | English Sky Bet League 2 | Tranmere v Barrow
2025-12-29 12:59:06,338 [INFO] LTD60 | ASSIGNED | English Sky Bet League 2 | Accrington v Harrogate Town
2025-12-29 12:59:06,631 [INFO] LTD60 | ASSIGNED | English Sky Bet League 1 | Stockport v Doncaster
2025-12-29 12:59:27,141 [INFO] LTD60 | ENTRY1_PAPER_EXEC | Indonesian Super League | Persija Jakarta v Bhayangkara FC | price=8.8 size=100.0
2025-12-29 12:59:32,010 [INFO] LTD60 | ENTRY2_PAPER_EXEC | English Sky Bet League 2 | Newport County v Crewe | price=3.8 size=100.0
2025-12-29 12:59:32,430 [INFO] LTD60 | ENTRY2_PAPER_EXEC | English Sky Bet League 1 | Bradford v Port Vale | price=4.1 size=100.0
2025-12-29 12:59:32,635 [INFO] LTD60 | ENTRY2_PAPER_EXEC | English Sky Bet League 1 | Blackpool v Rotherham | price=3.7 size=100.0
2025-12-29 12:59:32,937 [INFO] LTD60 | ENTRY2_PAPER_EXEC | English Sky Bet League 2 | Crawley Town v Bromley | price=3.7 size=100.0
2025-12-29 12:59:33,159 [INFO] LTD60 | ENTRY2_PAPER_EXEC | English Sky Bet League 2 | Chesterfield v Cambridge Utd | price=3.4 size=100.0
2025-12-29 12:59:33,358 [INFO] LTD60 | ENTRY2_PAPER_EXEC | English Sky Bet League 2 | Bristol Rovers v Barnet | price=3.5 size=100.0
2025-12-29 12:59:33,720 [INFO] LTD60 | ENTRY2_PAPER_EXEC | English Sky Bet League 2 | Gillingham v Colchester | price=3.45 size=100.0
2025-12-29 12:59:33,961 [INFO] LTD60 | ENTRY2_PAPER_EXEC | English Sky Bet League 1 | Barnsley v Lincoln | price=3.7 size=100.0
2025-12-29 12:59:34,172 [INFO] LTD60 | ENTRY2_PAPER_EXEC | English Sky Bet League 2 | MK Dons v Notts Co | price=3.75 size=100.0
2025-12-29 12:59:34,423 [INFO] LTD60 | ENTRY2_PAPER_EXEC | English Sky Bet League 1 | Huddersfield v Northampton | price=4.4 size=100.0
2025-12-29 12:59:34,814 [INFO] LTD60 | ENTRY2_PAPER_EXEC | English Sky Bet League 2 | Grimsby v Shrewsbury | price=4.1 size=100.0
2025-12-29 12:59:35,316 [INFO] LTD60 | ENTRY2_PAPER_EXEC | English Sky Bet League 1 | AFC Wimbledon v Exeter | price=3.3 size=100.0
2025-12-29 12:59:35,653 [INFO] LTD60 | ENTRY2_PAPER_EXEC | English Sky Bet League 2 | Walsall v Oldham | price=3.6 size=100.0
2025-12-29 12:59:35,877 [INFO] LTD60 | ENTRY2_PAPER_EXEC | English Sky Bet League 1 | Bolton v Mansfield | price=5.1 size=100.0
2025-12-29 12:59:36,282 [INFO] LTD60 | ENTRY2_PAPER_EXEC | English Sky Bet League 1 | Plymouth v Wycombe | price=3.65 size=100.0
2025-12-29 12:59:36,487 [INFO] LTD60 | ENTRY2_PAPER_EXEC | English Sky Bet League 1 | Peterborough v Reading | price=3.6 size=100.0
2025-12-29 12:59:36,846 [INFO] LTD60 | ENTRY2_PAPER_EXEC | English Sky Bet League 2 | Salford City v Fleetwood Town | price=4.2 size=100.0
2025-12-29 12:59:37,052 [INFO] LTD60 | ENTRY2_PAPER_EXEC | English Sky Bet League 1 | Luton v Leyton Orient | price=4.2 size=100.0
2025-12-29 12:59:37,270 [INFO] LTD60 | ENTRY2_PAPER_EXEC | English Sky Bet League 1 | Burton Albion v Wigan | price=3.35 size=100.0
2025-12-29 12:59:37,469 [INFO] LTD60 | ENTRY2_PAPER_EXEC | English Sky Bet League 2 | Cheltenham v Swindon | price=3.8 size=100.0
2025-12-29 12:59:37,809 [INFO] LTD60 | ENTRY2_PAPER_EXEC | English Sky Bet League 1 | Cardiff v Stevenage | price=3.75 size=100.0
2025-12-29 12:59:38,019 [INFO] LTD60 | ENTRY2_PAPER_EXEC | English Sky Bet League 2 | Tranmere v Barrow | price=3.55 size=100.0
2025-12-29 12:59:38,518 [INFO] LTD60 | ENTRY2_PAPER_EXEC | English Sky Bet League 2 | Accrington v Harrogate Town | price=4.0 size=100.0
2025-12-29 12:59:38,978 [INFO] LTD60 | ENTRY2_PAPER_EXEC | English Sky Bet League 1 | Stockport v Doncaster | price=4.1 size=100.0
2025-12-29 12:59:56,476 [INFO] LTD60 | ENTRY2_PAPER_EXEC | English Sky Bet League 2 | Newport County v Crewe | price=3.8 size=200.0
2025-12-29 12:59:56,848 [INFO] LTD60 | ENTRY2_PAPER_EXEC | English Sky Bet League 1 | Bradford v Port Vale | price=4.1 size=200.0
2025-12-29 12:59:57,068 [INFO] LTD60 | ENTRY2_PAPER_EXEC | English Sky Bet League 1 | Blackpool v Rotherham | price=3.7 size=200.0
2025-12-29 12:59:57,309 [INFO] LTD60 | ENTRY2_PAPER_EXEC | English Sky Bet League 2 | Crawley Town v Bromley | price=3.7 size=200.0
2025-12-29 12:59:57,539 [INFO] LTD60 | ENTRY2_PAPER_EXEC | English Sky Bet League 2 | Chesterfield v Cambridge Utd | price=3.4 size=200.0
2025-12-29 12:59:57,759 [INFO] LTD60 | ENTRY2_PAPER_EXEC | English Sky Bet League 2 | Bristol Rovers v Barnet | price=3.5 size=200.0
2025-12-29 12:59:58,167 [INFO] LTD60 | ENTRY2_PAPER_EXEC | English Sky Bet League 2 | Gillingham v Colchester | price=3.5 size=200.0
2025-12-29 12:59:58,372 [INFO] LTD60 | ENTRY2_PAPER_EXEC | English Sky Bet League 1 | Barnsley v Lincoln | price=3.7 size=200.0
2025-12-29 12:59:58,639 [INFO] LTD60 | ENTRY2_PAPER_EXEC | English Sky Bet League 2 | MK Dons v Notts Co | price=3.75 size=200.0
2025-12-29 12:59:58,850 [INFO] LTD60 | ENTRY2_PAPER_EXEC | English Sky Bet League 1 | Huddersfield v Northampton | price=4.4 size=200.0
2025-12-29 12:59:59,260 [INFO] LTD60 | ENTRY2_PAPER_EXEC | English Sky Bet League 2 | Grimsby v Shrewsbury | price=4.1 size=200.0
2025-12-29 12:59:59,786 [INFO] LTD60 | ENTRY2_PAPER_EXEC | English Sky Bet League 1 | AFC Wimbledon v Exeter | price=3.3 size=200.0
2025-12-29 13:00:00,166 [INFO] LTD60 | ENTRY2_PAPER_EXEC | English Sky Bet League 2 | Walsall v Oldham | price=3.6 size=200.0
2025-12-29 13:00:00,362 [INFO] LTD60 | ENTRY2_PAPER_EXEC | English Sky Bet League 1 | Bolton v Mansfield | price=5.1 size=200.0
2025-12-29 13:00:00,697 [INFO] LTD60 | ENTRY2_PAPER_EXEC | English Sky Bet League 1 | Plymouth v Wycombe | price=3.65 size=200.0
2025-12-29 13:00:00,896 [INFO] LTD60 | ENTRY2_PAPER_EXEC | English Sky Bet League 1 | Peterborough v Reading | price=3.6 size=200.0
2025-12-29 13:00:01,272 [INFO] LTD60 | ENTRY2_PAPER_EXEC | English Sky Bet League 2 | Salford City v Fleetwood Town | price=4.2 size=200.0
2025-12-29 13:00:01,492 [INFO] LTD60 | ENTRY2_PAPER_EXEC | English Sky Bet League 1 | Luton v Leyton Orient | price=4.2 size=200.0
2025-12-29 13:00:01,717 [INFO] LTD60 | ENTRY2_PAPER_EXEC | English Sky Bet League 1 | Burton Albion v Wigan | price=3.35 size=200.0
2025-12-29 13:00:01,963 [INFO] LTD60 | ENTRY2_PAPER_EXEC | English Sky Bet League 2 | Cheltenham v Swindon | price=3.8 size=200.0
2025-12-29 13:00:02,340 [INFO] LTD60 | ENTRY2_PAPER_EXEC | English Sky Bet League 1 | Cardiff v Stevenage | price=3.75 size=200.0
2025-12-29 13:00:02,547 [INFO] LTD60 | ENTRY2_PAPER_EXEC | English Sky Bet League 2 | Tranmere v Barrow | price=3.55 size=200.0
2025-12-29 13:00:03,099 [INFO] LTD60 | ENTRY2_PAPER_EXEC | English Sky Bet League 2 | Accrington v Harrogate Town | price=4.0 size=200.0
2025-12-29 13:00:03,444 [INFO] LTD60 | ENTRY2_PAPER_EXEC | English Sky Bet League 1 | Stockport v Doncaster | price=4.1 size=200.0
2025-12-29 13:00:20,934 [INFO] LTD60 | ENTRY2_PAPER_EXEC | English Sky Bet League 2 | Newport County v Crewe | price=3.8 size=300.0
2025-12-29 13:00:21,318 [INFO] LTD60 | ENTRY2_PAPER_EXEC | English Sky Bet League 1 | Bradford v Port Vale | price=4.1 size=300.0
2025-12-29 13:00:21,538 [INFO] LTD60 | ENTRY2_PAPER_EXEC | English Sky Bet League 1 | Blackpool v Rotherham | price=3.7 size=300.0
2025-12-29 13:00:21,777 [INFO] LTD60 | ENTRY2_PAPER_EXEC | English Sky Bet League 2 | Crawley Town v Bromley | price=3.7 size=300.0
2025-12-29 13:00:21,977 [INFO] LTD60 | ENTRY2_PAPER_EXEC | English Sky Bet League 2 | Chesterfield v Cambridge Utd | price=3.4 size=300.0
2025-12-29 13:00:22,208 [INFO] LTD60 | ENTRY2_PAPER_EXEC | English Sky Bet League 2 | Bristol Rovers v Barnet | price=3.5 size=300.0
2025-12-29 13:00:22,575 [INFO] LTD60 | ENTRY2_PAPER_EXEC | English Sky Bet League 2 | Gillingham v Colchester | price=3.45 size=300.0
2025-12-29 13:00:22,807 [INFO] LTD60 | ENTRY2_PAPER_EXEC | English Sky Bet League 1 | Barnsley v Lincoln | price=3.7 size=300.0
2025-12-29 13:00:23,019 [INFO] LTD60 | ENTRY2_PAPER_EXEC | English Sky Bet League 2 | MK Dons v Notts Co | price=3.75 size=300.0
2025-12-29 13:00:23,243 [INFO] LTD60 | ENTRY2_PAPER_EXEC | English Sky Bet League 1 | Huddersfield v Northampton | price=4.4 size=300.0
2025-12-29 13:00:23,639 [INFO] LTD60 | ENTRY2_PAPER_EXEC | English Sky Bet League 2 | Grimsby v Shrewsbury | price=4.1 size=300.0
2025-12-29 13:00:24,138 [INFO] LTD60 | ENTRY2_PAPER_EXEC | English Sky Bet League 1 | AFC Wimbledon v Exeter | price=3.3 size=300.0
2025-12-29 13:00:24,487 [INFO] LTD60 | ENTRY2_PAPER_EXEC | English Sky Bet League 2 | Walsall v Oldham | price=3.6 size=300.0
2025-12-29 13:00:24,752 [INFO] LTD60 | ENTRY2_PAPER_EXEC | English Sky Bet League 1 | Bolton v Mansfield | price=5.1 size=300.0
2025-12-29 13:00:25,152 [INFO] LTD60 | ENTRY2_PAPER_EXEC | English Sky Bet League 1 | Plymouth v Wycombe | price=3.65 size=300.0
2025-12-29 13:00:25,401 [INFO] LTD60 | ENTRY2_PAPER_EXEC | English Sky Bet League 1 | Peterborough v Reading | price=3.6 size=300.0
2025-12-29 13:00:25,750 [INFO] LTD60 | ENTRY2_PAPER_EXEC | English Sky Bet League 2 | Salford City v Fleetwood Town | price=4.2 size=300.0
2025-12-29 13:00:26,034 [INFO] LTD60 | ENTRY2_PAPER_EXEC | English Sky Bet League 1 | Luton v Leyton Orient | price=4.2 size=300.0
2025-12-29 13:00:26,257 [INFO] LTD60 | ENTRY2_PAPER_EXEC | English Sky Bet League 1 | Burton Albion v Wigan | price=3.35 size=300.0
2025-12-29 13:00:26,490 [INFO] LTD60 | ENTRY2_PAPER_EXEC | English Sky Bet League 2 | Cheltenham v Swindon | price=3.8 size=300.0
2025-12-29 13:00:26,936 [INFO] LTD60 | ENTRY2_PAPER_EXEC | English Sky Bet League 1 | Cardiff v Stevenage | price=3.75 size=300.0
2025-12-29 13:00:27,153 [INFO] LTD60 | ENTRY2_PAPER_EXEC | English Sky Bet League 2 | Tranmere v Barrow | price=3.55 size=300.0
2025-12-29 13:00:27,708 [INFO] LTD60 | ENTRY2_PAPER_EXEC | English Sky Bet League 2 | Accrington v Harrogate Town | price=4.0 size=300.0
2025-12-29 13:00:28,110 [INFO] LTD60 | ENTRY2_PAPER_EXEC | English Sky Bet League 1 | Stockport v Doncaster | price=4.1 size=300.0
2025-12-29 13:00:45,644 [INFO] LTD60 | ENTRY2_PAPER_EXEC | English Sky Bet League 2 | Newport County v Crewe | price=3.8 size=400.0
2025-12-29 13:00:46,012 [INFO] LTD60 | ENTRY2_PAPER_EXEC | English Sky Bet League 1 | Bradford v Port Vale | price=4.1 size=400.0
2025-12-29 13:00:46,258 [INFO] LTD60 | ENTRY2_PAPER_EXEC | English Sky Bet League 1 | Blackpool v Rotherham | price=3.7 size=400.0
2025-12-29 13:00:46,469 [INFO] LTD60 | ENTRY2_PAPER_EXEC | English Sky Bet League 2 | Crawley Town v Bromley | price=3.7 size=400.0
2025-12-29 13:00:46,706 [INFO] LTD60 | ENTRY2_PAPER_EXEC | English Sky Bet League 2 | Chesterfield v Cambridge Utd | price=3.4 size=400.0
2025-12-29 13:00:46,890 [INFO] LTD60 | ENTRY2_PAPER_EXEC | English Sky Bet League 2 | Bristol Rovers v Barnet | price=3.5 size=400.0
2025-12-29 13:00:47,310 [INFO] LTD60 | ENTRY2_PAPER_EXEC | English Sky Bet League 2 | Gillingham v Colchester | price=3.45 size=400.0
2025-12-29 13:00:47,505 [INFO] LTD60 | ENTRY2_PAPER_EXEC | English Sky Bet League 1 | Barnsley v Lincoln | price=3.7 size=400.0
2025-12-29 13:00:47,721 [INFO] LTD60 | ENTRY2_PAPER_EXEC | English Sky Bet League 2 | MK Dons v Notts Co | price=3.75 size=400.0
2025-12-29 13:00:47,944 [INFO] LTD60 | ENTRY2_PAPER_EXEC | English Sky Bet League 1 | Huddersfield v Northampton | price=4.4 size=400.0
2025-12-29 13:00:48,328 [INFO] LTD60 | ENTRY2_PAPER_EXEC | English Sky Bet League 2 | Grimsby v Shrewsbury | price=4.1 size=400.0
2025-12-29 13:00:48,825 [INFO] LTD60 | ENTRY2_PAPER_EXEC | English Sky Bet League 1 | AFC Wimbledon v Exeter | price=3.3 size=400.0
2025-12-29 13:00:49,227 [INFO] LTD60 | ENTRY2_PAPER_EXEC | English Sky Bet League 2 | Walsall v Oldham | price=3.6 size=400.0
2025-12-29 13:00:49,504 [INFO] LTD60 | ENTRY2_PAPER_EXEC | English Sky Bet League 1 | Bolton v Mansfield | price=5.1 size=400.0
2025-12-29 13:00:49,851 [INFO] LTD60 | ENTRY2_PAPER_EXEC | English Sky Bet League 1 | Plymouth v Wycombe | price=3.65 size=400.0
2025-12-29 13:00:50,135 [INFO] LTD60 | ENTRY2_PAPER_EXEC | English Sky Bet League 1 | Peterborough v Reading | price=3.6 size=400.0
2025-12-29 13:00:50,540 [INFO] LTD60 | ENTRY2_PAPER_EXEC | English Sky Bet League 2 | Salford City v Fleetwood Town | price=4.2 size=400.0
2025-12-29 13:00:50,746 [INFO] LTD60 | ENTRY2_PAPER_EXEC | English Sky Bet League 1 | Luton v Leyton Orient | price=4.2 size=400.0
2025-12-29 13:00:50,973 [INFO] LTD60 | ENTRY2_PAPER_EXEC | English Sky Bet League 1 | Burton Albion v Wigan | price=3.35 size=400.0
2025-12-29 13:00:51,230 [INFO] LTD60 | ENTRY2_PAPER_EXEC | English Sky Bet League 2 | Cheltenham v Swindon | price=3.8 size=400.0
2025-12-29 13:00:51,583 [INFO] LTD60 | ENTRY2_PAPER_EXEC | English Sky Bet League 1 | Cardiff v Stevenage | price=3.75 size=400.0
2025-12-29 13:00:51,803 [INFO] LTD60 | ENTRY2_PAPER_EXEC | English Sky Bet League 2 | Tranmere v Barrow | price=3.55 size=400.0
2025-12-29 13:00:52,351 [INFO] LTD60 | ENTRY2_PAPER_EXEC | English Sky Bet League 2 | Accrington v Harrogate Town | price=4.0 size=400.0
2025-12-29 13:00:52,747 [INFO] LTD60 | ENTRY2_PAPER_EXEC | English Sky Bet League 1 | Stockport v Doncaster | price=4.1 size=400.0
2025-12-29 13:01:10,339 [INFO] LTD60 | ENTRY2_PAPER_EXEC | English Sky Bet League 2 | Newport County v Crewe | price=3.8 size=500.0
2025-12-29 13:01:10,824 [INFO] LTD60 | ENTRY2_PAPER_EXEC | English Sky Bet League 1 | Bradford v Port Vale | price=4.1 size=500.0
2025-12-29 13:01:11,044 [INFO] LTD60 | ENTRY2_PAPER_EXEC | English Sky Bet League 1 | Blackpool v Rotherham | price=3.7 size=500.0
2025-12-29 13:01:11,284 [INFO] LTD60 | ENTRY2_PAPER_EXEC | English Sky Bet League 2 | Crawley Town v Bromley | price=3.7 size=500.0
2025-12-29 13:01:11,489 [INFO] LTD60 | ENTRY2_PAPER_EXEC | English Sky Bet League 2 | Chesterfield v Cambridge Utd | price=3.4 size=500.0
2025-12-29 13:01:11,735 [INFO] LTD60 | ENTRY2_PAPER_EXEC | English Sky Bet League 2 | Bristol Rovers v Barnet | price=3.5 size=500.0
2025-12-29 13:01:12,099 [INFO] LTD60 | ENTRY2_PAPER_EXEC | English Sky Bet League 2 | Gillingham v Colchester | price=3.45 size=500.0
2025-12-29 13:01:12,332 [INFO] LTD60 | ENTRY2_PAPER_EXEC | English Sky Bet League 1 | Barnsley v Lincoln | price=3.7 size=500.0
2025-12-29 13:01:12,553 [INFO] LTD60 | ENTRY2_PAPER_EXEC | English Sky Bet League 2 | MK Dons v Notts Co | price=3.75 size=500.0
2025-12-29 13:01:12,807 [INFO] LTD60 | ENTRY2_PAPER_EXEC | English Sky Bet League 1 | Huddersfield v Northampton | price=4.4 size=500.0
2025-12-29 13:01:13,185 [INFO] LTD60 | ENTRY2_PAPER_EXEC | English Sky Bet League 2 | Grimsby v Shrewsbury | price=4.1 size=500.0
2025-12-29 13:01:13,695 [INFO] LTD60 | ENTRY2_PAPER_EXEC | English Sky Bet League 1 | AFC Wimbledon v Exeter | price=3.3 size=500.0
2025-12-29 13:01:14,087 [INFO] LTD60 | ENTRY2_PAPER_EXEC | English Sky Bet League 2 | Walsall v Oldham | price=3.6 size=500.0
2025-12-29 13:01:14,327 [INFO] LTD60 | ENTRY2_PAPER_EXEC | English Sky Bet League 1 | Bolton v Mansfield | price=5.1 size=500.0
2025-12-29 13:01:14,661 [INFO] LTD60 | ENTRY2_PAPER_EXEC | English Sky Bet League 1 | Plymouth v Wycombe | price=3.65 size=500.0
2025-12-29 13:01:14,933 [INFO] LTD60 | ENTRY2_PAPER_EXEC | English Sky Bet League 1 | Peterborough v Reading | price=3.6 size=500.0
2025-12-29 13:01:15,274 [INFO] LTD60 | ENTRY2_PAPER_EXEC | English Sky Bet League 2 | Salford City v Fleetwood Town | price=4.2 size=500.0
2025-12-29 13:01:15,482 [INFO] LTD60 | ENTRY2_PAPER_EXEC | English Sky Bet League 1 | Luton v Leyton Orient | price=4.2 size=500.0
2025-12-29 13:01:15,713 [INFO] LTD60 | ENTRY2_PAPER_EXEC | English Sky Bet League 1 | Burton Albion v Wigan | price=3.35 size=500.0
2025-12-29 13:01:15,953 [INFO] LTD60 | ENTRY2_PAPER_EXEC | English Sky Bet League 2 | Cheltenham v Swindon | price=3.8 size=500.0
2025-12-29 13:01:16,323 [INFO] LTD60 | ENTRY2_PAPER_EXEC | English Sky Bet League 1 | Cardiff v Stevenage | price=3.75 size=500.0
2025-12-29 13:01:16,533 [INFO] LTD60 | ENTRY2_PAPER_EXEC | English Sky Bet League 2 | Tranmere v Barrow | price=3.55 size=500.0
2025-12-29 13:01:17,068 [INFO] LTD60 | ENTRY2_PAPER_EXEC | English Sky Bet League 2 | Accrington v Harrogate Town | price=4.0 size=500.0
2025-12-29 13:01:17,436 [INFO] LTD60 | ENTRY2_PAPER_EXEC | English Sky Bet League 1 | Stockport v Doncaster | price=4.1 size=500.0
2025-12-29 13:03:09,827 [INFO] LTD60 | ASSIGNED | Saudi Professional League | Al-Khaleej Saihat v Al-Fateh (KSA)
2025-12-29 13:03:11,904 [INFO] LTD60 | ASSIGNED | Saudi Professional League | Al-Taawoun Buraidah v Al Najma Club
2025-12-29 13:03:12,074 [INFO] LTD60 | ASSIGNED | Saudi Professional League | Al Riyadh SC v Al-Hazm (KSA)
2025-12-29 13:03:12,946 [INFO] LTD60 | ASSIGNED | English Sky Bet League 2 | Newport County v Crewe
2025-12-29 13:03:13,267 [INFO] LTD60 | ASSIGNED | English Sky Bet League 1 | Bradford v Port Vale
2025-12-29 13:03:13,404 [INFO] LTD60 | ASSIGNED | English Sky Bet League 1 | Blackpool v Rotherham
2025-12-29 13:03:13,529 [INFO] LTD60 | ASSIGNED | English Sky Bet League 2 | Crawley Town v Bromley
2025-12-29 13:03:13,688 [INFO] LTD60 | ASSIGNED | English Sky Bet League 2 | Chesterfield v Cambridge Utd
2025-12-29 13:03:13,845 [INFO] LTD60 | ASSIGNED | English Sky Bet League 2 | Bristol Rovers v Barnet
2025-12-29 13:03:14,210 [INFO] LTD60 | ASSIGNED | English Sky Bet League 2 | Gillingham v Colchester
2025-12-29 13:03:14,426 [INFO] LTD60 | ASSIGNED | English Sky Bet League 1 | Barnsley v Lincoln
2025-12-29 13:03:14,571 [INFO] LTD60 | ASSIGNED | English Sky Bet League 2 | MK Dons v Notts Co
2025-12-29 13:03:14,760 [INFO] LTD60 | ASSIGNED | English Sky Bet League 1 | Huddersfield v Northampton
2025-12-29 13:03:15,033 [INFO] LTD60 | ASSIGNED | English Sky Bet League 2 | Grimsby v Shrewsbury
2025-12-29 13:03:15,452 [INFO] LTD60 | ASSIGNED | English Sky Bet League 1 | AFC Wimbledon v Exeter
2025-12-29 13:03:15,733 [INFO] LTD60 | ASSIGNED | English Sky Bet League 2 | Walsall v Oldham
2025-12-29 13:03:15,888 [INFO] LTD60 | ASSIGNED | English Sky Bet League 1 | Bolton v Mansfield
2025-12-29 13:03:16,230 [INFO] LTD60 | ASSIGNED | English Sky Bet League 1 | Plymouth v Wycombe
2025-12-29 13:03:16,377 [INFO] LTD60 | ASSIGNED | English Sky Bet League 1 | Peterborough v Reading
2025-12-29 13:03:16,697 [INFO] LTD60 | ASSIGNED | English Sky Bet League 2 | Salford City v Fleetwood Town
2025-12-29 13:03:16,853 [INFO] LTD60 | ASSIGNED | English Sky Bet League 1 | Luton v Leyton Orient
2025-12-29 13:03:16,992 [INFO] LTD60 | ASSIGNED | English Sky Bet League 1 | Burton Albion v Wigan
2025-12-29 13:03:17,148 [INFO] LTD60 | ASSIGNED | English Sky Bet League 2 | Cheltenham v Swindon
2025-12-29 13:03:17,442 [INFO] LTD60 | ASSIGNED | English Sky Bet League 1 | Cardiff v Stevenage
2025-12-29 13:03:17,604 [INFO] LTD60 | ASSIGNED | English Sky Bet League 2 | Tranmere v Barrow
2025-12-29 13:03:18,093 [INFO] LTD60 | ASSIGNED | English Sky Bet League 2 | Accrington v Harrogate Town
2025-12-29 13:03:18,385 [INFO] LTD60 | ASSIGNED | English Sky Bet League 1 | Stockport v Doncaster
2025-12-29 13:33:27,224 [INFO] LTD60 | ASSIGNED | Saudi Professional League | Al-Khaleej Saihat v Al-Fateh (KSA)
2025-12-29 13:33:29,292 [INFO] LTD60 | ASSIGNED | Saudi Professional League | Al-Taawoun Buraidah v Al Najma Club
2025-12-29 13:33:29,411 [INFO] LTD60 | ASSIGNED | Saudi Professional League | Al Riyadh SC v Al-Hazm (KSA)
2025-12-29 13:33:30,164 [INFO] LTD60 | ASSIGNED | English Sky Bet League 2 | Newport County v Crewe
2025-12-29 13:33:30,467 [INFO] LTD60 | ASSIGNED | English Sky Bet League 1 | Bradford v Port Vale
2025-12-29 13:33:30,666 [INFO] LTD60 | ASSIGNED | English Sky Bet League 1 | Blackpool v Rotherham
2025-12-29 13:33:30,810 [INFO] LTD60 | ASSIGNED | English Sky Bet League 2 | Crawley Town v Bromley
2025-12-29 13:33:30,942 [INFO] LTD60 | ASSIGNED | English Sky Bet League 2 | Chesterfield v Cambridge Utd
2025-12-29 13:33:31,121 [INFO] LTD60 | ASSIGNED | English Sky Bet League 2 | Bristol Rovers v Barnet
2025-12-29 13:33:31,455 [INFO] LTD60 | ASSIGNED | English Sky Bet League 2 | Gillingham v Colchester
2025-12-29 13:33:31,582 [INFO] LTD60 | ASSIGNED | English Sky Bet League 1 | Barnsley v Lincoln
2025-12-29 13:33:31,756 [INFO] LTD60 | ASSIGNED | English Sky Bet League 2 | MK Dons v Notts Co
2025-12-29 13:33:31,886 [INFO] LTD60 | ASSIGNED | English Sky Bet League 1 | Huddersfield v Northampton
2025-12-29 13:33:32,177 [INFO] LTD60 | ASSIGNED | English Sky Bet League 2 | Grimsby v Shrewsbury
2025-12-29 13:33:32,661 [INFO] LTD60 | ASSIGNED | English Sky Bet League 1 | AFC Wimbledon v Exeter
2025-12-29 13:33:33,005 [INFO] LTD60 | ASSIGNED | English Sky Bet League 2 | Walsall v Oldham
2025-12-29 13:33:33,162 [INFO] LTD60 | ASSIGNED | English Sky Bet League 1 | Bolton v Mansfield
2025-12-29 13:33:33,491 [INFO] LTD60 | ASSIGNED | English Sky Bet League 1 | Plymouth v Wycombe
2025-12-29 13:33:33,660 [INFO] LTD60 | ASSIGNED | English Sky Bet League 1 | Peterborough v Reading
2025-12-29 13:33:33,961 [INFO] LTD60 | ASSIGNED | English Sky Bet League 2 | Salford City v Fleetwood Town
2025-12-29 13:33:34,130 [INFO] LTD60 | ASSIGNED | English Sky Bet League 1 | Luton v Leyton Orient
2025-12-29 13:33:34,256 [INFO] LTD60 | ASSIGNED | English Sky Bet League 1 | Burton Albion v Wigan
2025-12-29 13:33:34,397 [INFO] LTD60 | ASSIGNED | English Sky Bet League 2 | Cheltenham v Swindon
2025-12-29 13:33:34,693 [INFO] LTD60 | ASSIGNED | English Sky Bet League 1 | Cardiff v Stevenage
2025-12-29 13:33:34,818 [INFO] LTD60 | ASSIGNED | English Sky Bet League 2 | Tranmere v Barrow
2025-12-29 13:33:35,277 [INFO] LTD60 | ASSIGNED | English Sky Bet League 2 | Accrington v Harrogate Town
2025-12-29 13:33:35,538 [INFO] LTD60 | ASSIGNED | English Sky Bet League 1 | Stockport v Doncaster
2025-12-29 14:03:51,034 [INFO] LTD60 | ASSIGNED | Saudi Professional League | Al-Khaleej Saihat v Al-Fateh (KSA)
2025-12-29 14:03:52,957 [INFO] LTD60 | ASSIGNED | Saudi Professional League | Al-Taawoun Buraidah v Al Najma Club
2025-12-29 14:03:53,112 [INFO] LTD60 | ASSIGNED | Saudi Professional League | Al Riyadh SC v Al-Hazm (KSA)
2025-12-29 14:03:53,894 [INFO] LTD60 | ASSIGNED | English Sky Bet League 2 | Newport County v Crewe
2025-12-29 14:03:54,174 [INFO] LTD60 | ASSIGNED | English Sky Bet League 1 | Bradford v Port Vale
2025-12-29 14:03:54,330 [INFO] LTD60 | ASSIGNED | English Sky Bet League 1 | Blackpool v Rotherham
2025-12-29 14:03:54,486 [INFO] LTD60 | ASSIGNED | English Sky Bet League 2 | Crawley Town v Bromley
2025-12-29 14:03:54,612 [INFO] LTD60 | ASSIGNED | English Sky Bet League 2 | Chesterfield v Cambridge Utd
2025-12-29 14:03:54,752 [INFO] LTD60 | ASSIGNED | English Sky Bet League 2 | Bristol Rovers v Barnet
2025-12-29 14:03:55,050 [INFO] LTD60 | ASSIGNED | English Sky Bet League 2 | Gillingham v Colchester
2025-12-29 14:03:55,216 [INFO] LTD60 | ASSIGNED | English Sky Bet League 1 | Barnsley v Lincoln
2025-12-29 14:03:55,361 [INFO] LTD60 | ASSIGNED | English Sky Bet League 2 | MK Dons v Notts Co
2025-12-29 14:03:55,517 [INFO] LTD60 | ASSIGNED | English Sky Bet League 1 | Huddersfield v Northampton
2025-12-29 14:03:55,830 [INFO] LTD60 | ASSIGNED | English Sky Bet League 2 | Grimsby v Shrewsbury
2025-12-29 14:03:56,268 [INFO] LTD60 | ASSIGNED | English Sky Bet League 1 | AFC Wimbledon v Exeter
2025-12-29 14:03:56,548 [INFO] LTD60 | ASSIGNED | English Sky Bet League 2 | Walsall v Oldham
2025-12-29 14:03:56,690 [INFO] LTD60 | ASSIGNED | English Sky Bet League 1 | Bolton v Mansfield
2025-12-29 14:03:56,973 [INFO] LTD60 | ASSIGNED | English Sky Bet League 1 | Plymouth v Wycombe
2025-12-29 14:03:57,107 [INFO] LTD60 | ASSIGNED | English Sky Bet League 1 | Peterborough v Reading
2025-12-29 14:03:57,410 [INFO] LTD60 | ASSIGNED | English Sky Bet League 2 | Salford City v Fleetwood Town
2025-12-29 14:03:57,532 [INFO] LTD60 | ASSIGNED | English Sky Bet League 1 | Luton v Leyton Orient
2025-12-29 14:03:57,705 [INFO] LTD60 | ASSIGNED | English Sky Bet League 1 | Burton Albion v Wigan
2025-12-29 14:03:57,861 [INFO] LTD60 | ASSIGNED | English Sky Bet League 2 | Cheltenham v Swindon
2025-12-29 14:03:58,230 [INFO] LTD60 | ASSIGNED | English Sky Bet League 1 | Cardiff v Stevenage
2025-12-29 14:03:58,382 [INFO] LTD60 | ASSIGNED | English Sky Bet League 2 | Tranmere v Barrow
2025-12-29 14:03:58,767 [INFO] LTD60 | ASSIGNED | English Sky Bet League 2 | Accrington v Harrogate Town
2025-12-29 14:03:59,064 [INFO] LTD60 | ASSIGNED | English Sky Bet League 1 | Stockport v Doncaster
2025-12-29 14:23:22,188 [INFO] LTD60 | ENTRY1_PAPER_EXEC | Saudi Professional League | Al-Khaleej Saihat v Al-Fateh (KSA) | price=4.1 size=100.0
2025-12-29 14:46:46,947 [INFO] LTD60 | ASSIGNED | English Sky Bet League 2 | Newport County v Crewe
2025-12-29 14:46:47,233 [INFO] LTD60 | ASSIGNED | English Sky Bet League 1 | Bradford v Port Vale
2025-12-29 14:46:47,425 [INFO] LTD60 | ASSIGNED | English Sky Bet League 1 | Blackpool v Rotherham
2025-12-29 14:46:47,552 [INFO] LTD60 | ASSIGNED | English Sky Bet League 2 | Crawley Town v Bromley
2025-12-29 14:46:47,733 [INFO] LTD60 | ASSIGNED | English Sky Bet League 2 | Chesterfield v Cambridge Utd
2025-12-29 14:46:47,856 [INFO] LTD60 | ASSIGNED | English Sky Bet League 2 | Bristol Rovers v Barnet
2025-12-29 14:46:48,141 [INFO] LTD60 | ASSIGNED | English Sky Bet League 2 | Gillingham v Colchester
2025-12-29 14:46:48,304 [INFO] LTD60 | ASSIGNED | English Sky Bet League 1 | Barnsley v Lincoln
2025-12-29 14:46:48,459 [INFO] LTD60 | ASSIGNED | English Sky Bet League 2 | MK Dons v Notts Co
2025-12-29 14:46:48,640 [INFO] LTD60 | ASSIGNED | English Sky Bet League 1 | Huddersfield v Northampton
2025-12-29 14:46:48,895 [INFO] LTD60 | ASSIGNED | English Sky Bet League 2 | Grimsby v Shrewsbury
2025-12-29 14:46:49,391 [INFO] LTD60 | ASSIGNED | English Sky Bet League 1 | AFC Wimbledon v Exeter
2025-12-29 14:46:49,698 [INFO] LTD60 | ASSIGNED | English Sky Bet League 2 | Walsall v Oldham
2025-12-29 14:46:49,838 [INFO] LTD60 | ASSIGNED | English Sky Bet League 1 | Bolton v Mansfield
2025-12-29 14:46:50,173 [INFO] LTD60 | ASSIGNED | English Sky Bet League 1 | Plymouth v Wycombe
2025-12-29 14:46:50,322 [INFO] LTD60 | ASSIGNED | English Sky Bet League 1 | Peterborough v Reading
2025-12-29 14:46:50,669 [INFO] LTD60 | ASSIGNED | English Sky Bet League 2 | Salford City v Fleetwood Town
2025-12-29 14:46:50,817 [INFO] LTD60 | ASSIGNED | English Sky Bet League 1 | Luton v Leyton Orient
2025-12-29 14:46:50,960 [INFO] LTD60 | ASSIGNED | English Sky Bet League 1 | Burton Albion v Wigan
2025-12-29 14:46:51,103 [INFO] LTD60 | ASSIGNED | English Sky Bet League 2 | Cheltenham v Swindon
2025-12-29 14:46:51,391 [INFO] LTD60 | ASSIGNED | English Sky Bet League 1 | Cardiff v Stevenage
2025-12-29 14:46:51,534 [INFO] LTD60 | ASSIGNED | English Sky Bet League 2 | Tranmere v Barrow
2025-12-29 14:46:51,997 [INFO] LTD60 | ASSIGNED | English Sky Bet League 2 | Accrington v Harrogate Town
2025-12-29 14:46:52,299 [INFO] LTD60 | ASSIGNED | English Sky Bet League 1 | Stockport v Doncaster
2025-12-29 17:18:11,286 [INFO] LTD60 | ENTRY1_PAPER_EXEC | Saudi Professional League | Al-Taawoun Buraidah v Al Najma Club | price=5.4 size=100.0
2025-12-29 17:18:11,524 [INFO] LTD60 | ENTRY1_PAPER_EXEC | Saudi Professional League | Al Riyadh SC v Al-Hazm (KSA) | price=3.4 size=100.0
2025-12-29 19:18:11,245 [INFO] LTD60 | ENTRY1_PAPER_EXEC | English Sky Bet League 2 | Newport County v Crewe | price=3.6 size=100.0
2025-12-29 19:33:12,946 [INFO] LTD60 | ENTRY1_PAPER_EXEC | English Sky Bet League 1 | Bradford v Port Vale | price=4.0 size=100.0
2025-12-29 19:33:13,169 [INFO] LTD60 | ENTRY1_PAPER_EXEC | English Sky Bet League 1 | Blackpool v Rotherham | price=3.75 size=100.0
2025-12-29 19:33:13,394 [INFO] LTD60 | ENTRY1_PAPER_EXEC | English Sky Bet League 2 | Crawley Town v Bromley | price=3.65 size=100.0
2025-12-29 19:33:13,621 [INFO] LTD60 | ENTRY1_PAPER_EXEC | English Sky Bet League 2 | Chesterfield v Cambridge Utd | price=3.35 size=100.0
2025-12-29 19:33:13,871 [INFO] LTD60 | ENTRY1_PAPER_EXEC | English Sky Bet League 2 | Bristol Rovers v Barnet | price=3.65 size=100.0
2025-12-29 19:33:14,238 [INFO] LTD60 | ENTRY1_PAPER_EXEC | English Sky Bet League 2 | Gillingham v Colchester | price=3.4 size=100.0
2025-12-29 19:33:14,429 [INFO] LTD60 | ENTRY1_PAPER_EXEC | English Sky Bet League 1 | Barnsley v Lincoln | price=3.7 size=100.0
2025-12-29 19:33:14,709 [INFO] LTD60 | ENTRY1_PAPER_EXEC | English Sky Bet League 2 | MK Dons v Notts Co | price=3.85 size=100.0
2025-12-29 19:33:14,923 [INFO] LTD60 | ENTRY1_PAPER_EXEC | English Sky Bet League 1 | Huddersfield v Northampton | price=4.6 size=100.0
2025-12-29 19:33:15,298 [INFO] LTD60 | ENTRY1_PAPER_EXEC | English Sky Bet League 2 | Grimsby v Shrewsbury | price=4.0 size=100.0
2025-12-29 19:33:15,816 [INFO] LTD60 | ENTRY1_PAPER_EXEC | English Sky Bet League 1 | AFC Wimbledon v Exeter | price=3.3 size=100.0
2025-12-29 19:33:16,202 [INFO] LTD60 | ENTRY1_PAPER_EXEC | English Sky Bet League 2 | Walsall v Oldham | price=3.5 size=100.0
2025-12-29 19:33:16,427 [INFO] LTD60 | ENTRY1_PAPER_EXEC | English Sky Bet League 1 | Bolton v Mansfield | price=5.5 size=100.0
2025-12-29 19:33:16,986 [INFO] LTD60 | ENTRY1_PAPER_EXEC | English Sky Bet League 1 | Plymouth v Wycombe | price=3.7 size=100.0
2025-12-29 19:33:17,177 [INFO] LTD60 | ENTRY1_PAPER_EXEC | English Sky Bet League 1 | Peterborough v Reading | price=3.65 size=100.0
2025-12-29 19:33:17,560 [INFO] LTD60 | ENTRY1_PAPER_EXEC | English Sky Bet League 2 | Salford City v Fleetwood Town | price=4.2 size=100.0
2025-12-29 19:33:17,806 [INFO] LTD60 | ENTRY1_PAPER_EXEC | English Sky Bet League 1 | Luton v Leyton Orient | price=4.2 size=100.0
2025-12-29 19:33:18,006 [INFO] LTD60 | ENTRY1_PAPER_EXEC | English Sky Bet League 1 | Burton Albion v Wigan | price=3.4 size=100.0
2025-12-29 19:33:18,240 [INFO] LTD60 | ENTRY1_PAPER_EXEC | English Sky Bet League 2 | Cheltenham v Swindon | price=3.7 size=100.0
2025-12-29 19:33:18,655 [INFO] LTD60 | ENTRY1_PAPER_EXEC | English Sky Bet League 1 | Cardiff v Stevenage | price=3.9 size=100.0
2025-12-29 19:33:18,886 [INFO] LTD60 | ENTRY1_PAPER_EXEC | English Sky Bet League 2 | Tranmere v Barrow | price=3.75 size=100.0
2025-12-29 19:33:19,426 [INFO] LTD60 | ENTRY1_PAPER_EXEC | English Sky Bet League 2 | Accrington v Harrogate Town | price=3.95 size=100.0
2025-12-29 19:33:19,771 [INFO] LTD60 | ENTRY1_PAPER_EXEC | English Sky Bet League 1 | Stockport v Doncaster | price=4.1 size=100.0
2025-12-29 20:53:58,126 [INFO] LTD60 | ASSIGNED | Indonesian Super League | Arema Cronus v Persita Tangerang
2025-12-30 03:57:32,037 [INFO] LTD60 | ASSIGNED | Saudi Professional League | Al Ahli v Al-Feiha
2025-12-30 05:58:44,415 [INFO] LTD60 | ASSIGNED | Saudi Professional League | Al-Akhdoud v Dhamk
2025-12-30 05:58:44,559 [INFO] LTD60 | ASSIGNED | Saudi Professional League | Al-Ettifaq v Al Nassr
2025-12-30 07:59:58,548 [INFO] LTD60 | ASSIGNED | Northern Irish Premiership | Bangor v Ballymena
2025-12-30 07:59:58,848 [INFO] LTD60 | ASSIGNED | English National League North | Alfreton Town v Leamington
2025-12-30 07:59:59,103 [INFO] LTD60 | ASSIGNED | English National League North | Spennymoor Town v Scarborough Athletic
2025-12-30 07:59:59,365 [INFO] LTD60 | ASSIGNED | English National League North | Buxton v Worksop Town
2025-12-30 07:59:59,521 [INFO] LTD60 | ASSIGNED | English National League North | Radcliffe Borough v AFC Fylde
2025-12-30 08:00:00,364 [INFO] LTD60 | ASSIGNED | Northern Irish Premiership | Glentoran v Portadown
2025-12-30 08:00:00,635 [INFO] LTD60 | ASSIGNED | English National League North | Kidderminster v AFC Telford
2025-12-30 08:00:00,925 [INFO] LTD60 | ASSIGNED | Northern Irish Premiership | Coleraine v Linfield
2025-12-30 08:00:01,338 [INFO] LTD60 | ASSIGNED | English National League North | Peterborough Sports FC v Oxford City
2025-12-30 08:00:02,041 [INFO] LTD60 | ASSIGNED | English National League North | Chester v Macclesfield
2025-12-30 08:00:02,199 [INFO] LTD60 | ASSIGNED | English National League North | Darlington v South Shields
2025-12-30 08:00:02,759 [INFO] LTD60 | ASSIGNED | English National League North | Merthyr Town v Hereford FC
2025-12-30 08:00:02,911 [INFO] LTD60 | ASSIGNED | English National League North | Chorley v Marine FC
2025-12-30 08:00:03,195 [INFO] LTD60 | ASSIGNED | Northern Irish Premiership | Crusaders v Carrick Rangers
2025-12-30 08:00:03,795 [INFO] LTD60 | ASSIGNED | English National League North | Bedford Town v Kings Lynn
2025-12-30 08:00:04,210 [INFO] LTD60 | ASSIGNED | Northern Irish Premiership | Larne v Cliftonville
2025-12-30 08:00:04,463 [INFO] LTD60 | ASSIGNED | Northern Irish Premiership | Glenavon v Dungannon
2025-12-30 08:00:04,730 [INFO] LTD60 | ASSIGNED | English National League North | Southport v Curzon Ashton
2025-12-30 08:18:00,059 [INFO] LTD60 | ENTRY1_PAPER_EXEC | Indonesian Super League | Arema Cronus v Persita Tangerang | price=3.55 size=100.0
2025-12-30 15:18:16,682 [INFO] LTD60 | ENTRY1_PAPER_EXEC | Saudi Professional League | Al Ahli v Al-Feiha | price=4.4 size=100.0
2025-12-30 17:18:15,374 [INFO] LTD60 | ENTRY1_PAPER_EXEC | Saudi Professional League | Al-Akhdoud v Dhamk | price=3.25 size=100.0
2025-12-30 17:18:15,596 [INFO] LTD60 | ENTRY1_PAPER_EXEC | Saudi Professional League | Al-Ettifaq v Al Nassr | price=7.4 size=100.0
2025-12-30 19:33:06,065 [INFO] LTD60 | ENTRY1_PAPER_EXEC | Northern Irish Premiership | Bangor v Ballymena | price=3.5 size=100.0
2025-12-30 19:33:06,478 [INFO] LTD60 | ENTRY1_PAPER_EXEC | English National League North | Alfreton Town v Leamington | price=4.0 size=100.0
2025-12-30 19:33:06,862 [INFO] LTD60 | ENTRY1_PAPER_EXEC | English National League North | Spennymoor Town v Scarborough Athletic | price=3.95 size=100.0
2025-12-30 19:33:07,261 [INFO] LTD60 | ENTRY1_PAPER_EXEC | English National League North | Buxton v Worksop Town | price=4.1 size=100.0
2025-12-30 19:33:07,499 [INFO] LTD60 | ENTRY1_PAPER_EXEC | English National League North | Radcliffe Borough v AFC Fylde | price=4.3 size=100.0
2025-12-30 19:33:08,536 [INFO] LTD60 | ENTRY1_PAPER_EXEC | Northern Irish Premiership | Glentoran v Portadown | price=4.6 size=100.0
2025-12-30 19:33:08,944 [INFO] LTD60 | ENTRY1_PAPER_EXEC | English National League North | Kidderminster v AFC Telford | price=4.1 size=100.0
2025-12-30 19:33:09,328 [INFO] LTD60 | ENTRY1_PAPER_EXEC | Northern Irish Premiership | Coleraine v Linfield | price=3.65 size=100.0
2025-12-30 19:33:09,904 [INFO] LTD60 | ENTRY1_PAPER_EXEC | English National League North | Peterborough Sports FC v Oxford City | price=3.85 size=100.0
2025-12-30 19:33:10,754 [INFO] LTD60 | ENTRY1_PAPER_EXEC | English National League North | Chester v Macclesfield | price=3.95 size=100.0
2025-12-30 19:33:10,949 [INFO] LTD60 | ENTRY1_PAPER_EXEC | English National League North | Darlington v South Shields | price=5.1 size=100.0
2025-12-30 19:33:11,647 [INFO] LTD60 | ENTRY1_PAPER_EXEC | English National League North | Merthyr Town v Hereford FC | price=5.0 size=100.0
2025-12-30 19:33:11,838 [INFO] LTD60 | ENTRY1_PAPER_EXEC | English National League North | Chorley v Marine FC | price=3.7 size=100.0
2025-12-30 19:33:12,237 [INFO] LTD60 | ENTRY1_PAPER_EXEC | Northern Irish Premiership | Crusaders v Carrick Rangers | price=4.0 size=100.0
2025-12-30 19:33:12,907 [INFO] LTD60 | ENTRY1_PAPER_EXEC | English National League North | Bedford Town v Kings Lynn | price=3.75 size=100.0
2025-12-30 19:33:13,483 [INFO] LTD60 | ENTRY1_PAPER_EXEC | Northern Irish Premiership | Larne v Cliftonville | price=3.8 size=100.0
2025-12-30 19:33:13,836 [INFO] LTD60 | ENTRY1_PAPER_EXEC | Northern Irish Premiership | Glenavon v Dungannon | price=3.65 size=100.0
2025-12-30 19:33:14,216 [INFO] LTD60 | ENTRY1_PAPER_EXEC | English National League North | Southport v Curzon Ashton | price=3.95 size=100.0
2025-12-31 03:41:14,095 [INFO] LTD60 | ASSIGNED | Saudi Professional League | NEOM Sports Club v Al-Ittihad
2025-12-31 05:42:12,085 [INFO] LTD60 | ASSIGNED | Saudi Professional League | Al-Kholood Club v Al-Hilal
2025-12-31 05:42:12,206 [INFO] LTD60 | ASSIGNED | Saudi Professional League | Al-Shabab (KSA) v Al-Quadisiya (KSA)
2025-12-31 15:13:06,238 [INFO] LTD60 | ENTRY1_PAPER_EXEC | Saudi Professional League | NEOM Sports Club v Al-Ittihad | price=4.5 size=100.0
2025-12-31 17:18:12,414 [INFO] LTD60 | ENTRY1_PAPER_EXEC | Saudi Professional League | Al-Kholood Club v Al-Hilal | price=7.6 size=100.0
2025-12-31 17:18:12,631 [INFO] LTD60 | ENTRY1_PAPER_EXEC | Saudi Professional League | Al-Shabab (KSA) v Al-Quadisiya (KSA) | price=4.3 size=100.0
2026-01-01 03:22:55,206 [INFO] LTD60 | ASSIGNED | English Sky Bet League 2 | Notts Co v Accrington
2026-01-01 03:22:55,331 [INFO] LTD60 | ASSIGNED | English Sky Bet League 1 | Rotherham v Peterborough
2026-01-01 03:22:55,458 [INFO] LTD60 | ASSIGNED | English Sky Bet League 2 | Fleetwood Town v Grimsby
2026-01-01 03:22:55,602 [INFO] LTD60 | ASSIGNED | English Sky Bet League 1 | Lincoln v Huddersfield
2026-01-01 03:22:55,777 [INFO] LTD60 | ASSIGNED | English Sky Bet League 2 | Cambridge Utd v Walsall
2026-01-01 03:22:55,920 [INFO] LTD60 | ASSIGNED | English Sky Bet League 1 | Doncaster v Bolton
2026-01-01 03:22:56,461 [INFO] LTD60 | ASSIGNED | English Sky Bet League 2 | Harrogate Town v Tranmere
2026-01-01 03:22:56,595 [INFO] LTD60 | ASSIGNED | English Sky Bet League 1 | Stevenage v Plymouth
2026-01-01 03:22:56,716 [INFO] LTD60 | ASSIGNED | English Sky Bet League 2 | Colchester v MK Dons
2026-01-01 03:22:56,844 [INFO] LTD60 | ASSIGNED | English Sky Bet League 1 | Leyton Orient v AFC Wimbledon
2026-01-01 03:22:56,985 [INFO] LTD60 | ASSIGNED | English Sky Bet League 1 | Mansfield v Bradford
2026-01-01 03:22:57,241 [INFO] LTD60 | ASSIGNED | English Sky Bet League 2 | Barnet v Crawley Town
2026-01-01 03:22:57,378 [INFO] LTD60 | ASSIGNED | English Sky Bet League 1 | Port Vale v Blackpool
2026-01-01 03:22:57,768 [INFO] LTD60 | ASSIGNED | English Sky Bet League 2 | Barrow v Salford City
2026-01-01 03:22:57,923 [INFO] LTD60 | ASSIGNED | English Sky Bet League 2 | Oldham v Chesterfield
2026-01-01 03:22:58,188 [INFO] LTD60 | ASSIGNED | English Sky Bet League 2 | Swindon v Gillingham
2026-01-01 03:22:58,484 [INFO] LTD60 | ASSIGNED | English Sky Bet League 2 | Shrewsbury v Bristol Rovers
2026-01-01 03:22:58,628 [INFO] LTD60 | ASSIGNED | English Sky Bet League 2 | Crewe v Cheltenham
2026-01-01 03:22:58,763 [INFO] LTD60 | ASSIGNED | English Sky Bet League 1 | Reading v Burton Albion
2026-01-01 03:22:58,907 [INFO] LTD60 | ASSIGNED | English Sky Bet League 1 | Northampton v Stockport
2026-01-01 03:22:59,035 [INFO] LTD60 | ASSIGNED | English Sky Bet League 1 | Wycombe v Cardiff
2026-01-01 03:22:59,544 [INFO] LTD60 | ASSIGNED | English Sky Bet League 1 | Exeter v Luton
2026-01-01 03:22:59,688 [INFO] LTD60 | ASSIGNED | English Sky Bet League 2 | Bromley v Newport County
2026-01-01 03:23:00,086 [INFO] LTD60 | ASSIGNED | English Sky Bet League 1 | Wigan v Barnsley
2026-01-01 14:48:01,035 [INFO] LTD60 | ENTRY1_PAPER_EXEC | English Sky Bet League 2 | Notts Co v Accrington | price=3.95 size=100.0
2026-01-01 14:48:01,258 [INFO] LTD60 | ENTRY1_PAPER_EXEC | English Sky Bet League 1 | Rotherham v Peterborough | price=3.7 size=100.0
2026-01-01 14:48:01,465 [INFO] LTD60 | ENTRY1_PAPER_EXEC | English Sky Bet League 2 | Fleetwood Town v Grimsby | price=3.7 size=100.0
2026-01-01 14:48:01,688 [INFO] LTD60 | ENTRY1_PAPER_EXEC | English Sky Bet League 1 | Lincoln v Huddersfield | price=3.55 size=100.0
2026-01-01 14:48:01,927 [INFO] LTD60 | ENTRY1_PAPER_EXEC | English Sky Bet League 2 | Cambridge Utd v Walsall | price=3.2 size=100.0
2026-01-01 14:48:02,150 [INFO] LTD60 | ENTRY1_PAPER_EXEC | English Sky Bet League 1 | Doncaster v Bolton | price=4.1 size=100.0
2026-01-01 14:48:02,787 [INFO] LTD60 | ENTRY1_PAPER_EXEC | English Sky Bet League 2 | Harrogate Town v Tranmere | price=3.75 size=100.0
2026-01-01 14:48:03,002 [INFO] LTD60 | ENTRY1_PAPER_EXEC | English Sky Bet League 1 | Stevenage v Plymouth | price=3.55 size=100.0
2026-01-01 14:48:03,249 [INFO] LTD60 | ENTRY1_PAPER_EXEC | English Sky Bet League 2 | Colchester v MK Dons | price=3.45 size=100.0
2026-01-01 14:48:03,440 [INFO] LTD60 | ENTRY1_PAPER_EXEC | English Sky Bet League 1 | Leyton Orient v AFC Wimbledon | price=3.5 size=100.0
2026-01-01 14:48:03,648 [INFO] LTD60 | ENTRY1_PAPER_EXEC | English Sky Bet League 1 | Mansfield v Bradford | price=3.55 size=100.0
2026-01-01 14:48:04,016 [INFO] LTD60 | ENTRY1_PAPER_EXEC | English Sky Bet League 2 | Barnet v Crawley Town | price=4.6 size=100.0
2026-01-01 14:48:04,255 [INFO] LTD60 | ENTRY1_PAPER_EXEC | English Sky Bet League 1 | Port Vale v Blackpool | price=3.55 size=100.0
2026-01-01 14:48:04,739 [INFO] LTD60 | ENTRY1_PAPER_EXEC | English Sky Bet League 2 | Barrow v Salford City | price=3.85 size=100.0
2026-01-01 14:48:04,955 [INFO] LTD60 | ENTRY1_PAPER_EXEC | English Sky Bet League 2 | Oldham v Chesterfield | price=3.6 size=100.0
2026-01-01 14:48:05,292 [INFO] LTD60 | ENTRY1_PAPER_EXEC | English Sky Bet League 2 | Swindon v Gillingham | price=3.6 size=100.0
2026-01-01 14:48:05,632 [INFO] LTD60 | ENTRY1_PAPER_EXEC | English Sky Bet League 2 | Shrewsbury v Bristol Rovers | price=3.45 size=100.0
2026-01-01 14:48:05,852 [INFO] LTD60 | ENTRY1_PAPER_EXEC | English Sky Bet League 2 | Crewe v Cheltenham | price=3.95 size=100.0
2026-01-01 14:48:06,061 [INFO] LTD60 | ENTRY1_PAPER_EXEC | English Sky Bet League 1 | Reading v Burton Albion | price=3.8 size=100.0
2026-01-01 14:48:06,265 [INFO] LTD60 | ENTRY1_PAPER_EXEC | English Sky Bet League 1 | Northampton v Stockport | price=3.7 size=100.0
2026-01-01 14:48:06,508 [INFO] LTD60 | ENTRY1_PAPER_EXEC | English Sky Bet League 1 | Wycombe v Cardiff | price=3.8 size=100.0
2026-01-01 14:48:07,180 [INFO] LTD60 | ENTRY1_PAPER_EXEC | English Sky Bet League 1 | Exeter v Luton | price=3.55 size=100.0
2026-01-01 14:48:07,403 [INFO] LTD60 | ENTRY1_PAPER_EXEC | English Sky Bet League 2 | Bromley v Newport County | price=5.4 size=100.0
2026-01-01 14:48:07,869 [INFO] LTD60 | ENTRY1_PAPER_EXEC | English Sky Bet League 1 | Wigan v Barnsley | price=3.55 size=100.0
2026-01-02 01:34:00,989 [INFO] LTD60 | ASSIGNED | Saudi Professional League | Al Najma Club v Al-Khaleej Saihat
2026-01-02 03:04:41,325 [INFO] LTD60 | ASSIGNED | Saudi Professional League | Al-Ettifaq v Al-Akhdoud
2026-01-02 05:05:56,132 [INFO] LTD60 | ASSIGNED | Cypriot 1st Division | Omonia FC Aradippou v Digenis Ypsona
2026-01-02 05:36:18,435 [INFO] LTD60 | ASSIGNED | Saudi Professional League | Al Ahli v Al Nassr
2026-01-02 08:07:31,150 [INFO] LTD60 | ASSIGNED | French Ligue 1 | Toulouse v Lens
2026-01-02 08:07:31,309 [INFO] LTD60 | ASSIGNED | Northern Irish Premiership | Larne v Coleraine
2026-01-02 13:18:16,440 [INFO] LTD60 | ENTRY1_PAPER_EXEC | Saudi Professional League | Al Najma Club v Al-Khaleej Saihat | price=4.5 size=100.0
2026-01-02 14:23:14,680 [INFO] LTD60 | ENTRY1_PAPER_EXEC | Saudi Professional League | Al-Ettifaq v Al-Akhdoud | price=3.9 size=100.0
2026-01-02 16:48:10,969 [INFO] LTD60 | ENTRY1_PAPER_EXEC | Cypriot 1st Division | Omonia FC Aradippou v Digenis Ypsona | price=3.2 size=100.0
2026-01-02 17:18:12,809 [INFO] LTD60 | ENTRY1_PAPER_EXEC | Saudi Professional League | Al Ahli v Al Nassr | price=4.7 size=100.0
2026-01-02 19:33:09,060 [INFO] LTD60 | ENTRY1_PAPER_EXEC | French Ligue 1 | Toulouse v Lens | price=3.4 size=100.0
2026-01-02 19:33:09,289 [INFO] LTD60 | ENTRY1_PAPER_EXEC | Northern Irish Premiership | Larne v Coleraine | price=3.25 size=100.0
2026-01-02 20:44:04,161 [INFO] LTD60 | ASSIGNED | Indonesian Super League | Pusamania Borneo FC v PSM Makassar
2026-01-02 20:44:04,983 [INFO] LTD60 | ASSIGNED | Indonesian Super League | Persija Jakarta v Persijap Jepara
2026-01-03 00:06:14,135 [INFO] LTD60 | ASSIGNED | Indonesian Super League | Madura Utd v Persebaya Surabaya
2026-01-03 01:36:59,512 [INFO] LTD60 | ASSIGNED | Saudi Professional League | Al-Fateh (KSA) v Al-Shabab (KSA)
2026-01-03 03:08:01,656 [INFO] LTD60 | ASSIGNED | Saudi Professional League | Al-Feiha v Al-Kholood Club
2026-01-03 03:08:01,933 [INFO] LTD60 | ASSIGNED | Northern Irish Premiership | Linfield v Bangor
2026-01-03 03:08:02,062 [INFO] LTD60 | ASSIGNED | English National League North | Peterborough Sports FC v Marine FC
2026-01-03 03:08:02,486 [INFO] LTD60 | ASSIGNED | Northern Irish Premiership | Ballymena v Glenavon
2026-01-03 03:08:03,041 [INFO] LTD60 | ASSIGNED | English National League North | Kidderminster v Curzon Ashton
2026-01-03 03:08:04,550 [INFO] LTD60 | ASSIGNED | Northern Irish Premiership | Carrick Rangers v Glentoran
2026-01-03 03:08:04,950 [INFO] LTD60 | ASSIGNED | English National League North | Alfreton Town v Hereford FC
2026-01-03 03:08:05,106 [INFO] LTD60 | ASSIGNED | Scottish League One | Cove Rangers v Montrose
2026-01-03 03:08:05,254 [INFO] LTD60 | ASSIGNED | Northern Irish Premiership | Portadown v Cliftonville
2026-01-03 03:08:05,508 [INFO] LTD60 | ASSIGNED | English National League North | Chorley v Leamington
2026-01-03 03:08:05,764 [INFO] LTD60 | ASSIGNED | Scottish League One | Kelty Hearts v Alloa
2026-01-03 03:08:07,520 [INFO] LTD60 | ASSIGNED | Cypriot 1st Division | Ethnikos Achnas v A.E.L.
2026-01-03 03:08:07,646 [INFO] LTD60 | ASSIGNED | English National League North | Chester v Worksop Town
2026-01-03 03:08:07,774 [INFO] LTD60 | ASSIGNED | Northern Irish Premiership | Crusaders v Dungannon
2026-01-03 03:08:07,902 [INFO] LTD60 | ASSIGNED | English National League North | Southport v Scarborough Athletic
2026-01-03 03:08:08,030 [INFO] LTD60 | ASSIGNED | Scottish League One | Hamilton v East Fife
2026-01-03 03:08:08,189 [INFO] LTD60 | ASSIGNED | Scottish League One | Stenhousemuir v Queen of South
2026-01-03 03:08:08,573 [INFO] LTD60 | ASSIGNED | English National League North | Merthyr Town v Kings Lynn
2026-01-03 03:08:08,973 [INFO] LTD60 | ASSIGNED | English National League North | Buxton v South Shields
2026-01-03 03:08:09,116 [INFO] LTD60 | ASSIGNED | Scottish League One | Inverness CT v Peterhead
2026-01-03 03:08:09,515 [INFO] LTD60 | ASSIGNED | English National League North | Bedford Town v AFC Fylde
2026-01-03 04:08:35,735 [INFO] LTD60 | ASSIGNED | French Ligue 1 | Monaco v Lyon
2026-01-03 04:08:35,847 [INFO] LTD60 | ASSIGNED | Cypriot 1st Division | APOEL v Enosis Neon Paralimni
2026-01-03 05:09:19,596 [INFO] LTD60 | ASSIGNED | Cypriot 1st Division | Akritas Chlorakas v Omonia
2026-01-03 05:39:47,313 [INFO] LTD60 | ASSIGNED | Saudi Professional League | Al-Ittihad v Al-Taawoun Buraidah
2026-01-03 06:10:03,711 [INFO] LTD60 | ASSIGNED | French Ligue 1 | Nice v Strasbourg
2026-01-03 08:11:16,042 [INFO] LTD60 | ASSIGNED | French Ligue 1 | Lille v Rennes
2026-01-03 08:18:02,512 [INFO] LTD60 | ENTRY1_PAPER_EXEC | Indonesian Super League | Pusamania Borneo FC v PSM Makassar | price=3.7 size=100.0
2026-01-03 08:18:03,278 [INFO] LTD60 | ENTRY1_PAPER_EXEC | Indonesian Super League | Persija Jakarta v Persijap Jepara | price=7.2 size=100.0
2026-01-03 11:48:21,582 [INFO] LTD60 | ENTRY1_PAPER_EXEC | Indonesian Super League | Madura Utd v Persebaya Surabaya | price=3.4 size=100.0
2026-01-03 12:58:00,003 [INFO] LTD60 | ENTRY1_PAPER_EXEC | Saudi Professional League | Al-Fateh (KSA) v Al-Shabab (KSA) | price=3.8 size=100.0
2026-01-03 14:43:08,757 [INFO] LTD60 | ENTRY1_PAPER_EXEC | Saudi Professional League | Al-Feiha v Al-Kholood Club | price=3.5 size=100.0
2026-01-03 14:48:22,935 [INFO] LTD60 | ENTRY1_PAPER_EXEC | Northern Irish Premiership | Linfield v Bangor | price=4.0 size=100.0
2026-01-03 14:48:23,154 [INFO] LTD60 | ENTRY1_PAPER_EXEC | English National League North | Peterborough Sports FC v Marine FC | price=3.7 size=100.0
2026-01-03 14:48:23,676 [INFO] LTD60 | ENTRY1_PAPER_EXEC | Northern Irish Premiership | Ballymena v Glenavon | price=3.65 size=100.0
2026-01-03 14:48:24,354 [INFO] LTD60 | ENTRY1_PAPER_EXEC | English National League North | Kidderminster v Curzon Ashton | price=4.0 size=100.0
2026-01-03 14:48:25,984 [INFO] LTD60 | ENTRY1_PAPER_EXEC | Northern Irish Premiership | Carrick Rangers v Glentoran | price=4.0 size=100.0
2026-01-03 14:48:26,913 [INFO] LTD60 | ENTRY1_PAPER_EXEC | Northern Irish Premiership | Portadown v Cliftonville | price=3.9 size=100.0
2026-01-03 14:48:27,292 [INFO] LTD60 | ENTRY1_PAPER_EXEC | English National League North | Chorley v Leamington | price=4.0 size=100.0
2026-01-03 14:48:27,668 [INFO] LTD60 | ENTRY1_PAPER_EXEC | Scottish League One | Kelty Hearts v Alloa | price=4.0 size=100.0
2026-01-03 14:48:29,681 [INFO] LTD60 | ENTRY1_PAPER_EXEC | Cypriot 1st Division | Ethnikos Achnas v A.E.L. | price=3.75 size=100.0
2026-01-03 14:48:29,882 [INFO] LTD60 | ENTRY1_PAPER_EXEC | English National League North | Chester v Worksop Town | price=4.0 size=100.0
2026-01-03 14:48:30,087 [INFO] LTD60 | ENTRY1_PAPER_EXEC | Northern Irish Premiership | Crusaders v Dungannon | price=3.95 size=100.0
2026-01-03 14:48:30,308 [INFO] LTD60 | ENTRY1_PAPER_EXEC | English National League North | Southport v Scarborough Athletic | price=3.55 size=100.0
2026-01-03 14:48:30,719 [INFO] LTD60 | ENTRY1_PAPER_EXEC | Scottish League One | Stenhousemuir v Queen of South | price=3.4 size=100.0
2026-01-03 14:48:31,278 [INFO] LTD60 | ENTRY1_PAPER_EXEC | English National League North | Merthyr Town v Kings Lynn | price=4.0 size=100.0
2026-01-03 14:48:31,802 [INFO] LTD60 | ENTRY1_PAPER_EXEC | English National League North | Buxton v South Shields | price=4.0 size=100.0
2026-01-03 14:48:32,525 [INFO] LTD60 | ENTRY1_PAPER_EXEC | English National League North | Bedford Town v AFC Fylde | price=4.0 size=100.0
2026-01-03 15:48:24,656 [INFO] LTD60 | ENTRY1_PAPER_EXEC | French Ligue 1 | Monaco v Lyon | price=3.9 size=100.0
2026-01-03 15:48:24,944 [INFO] LTD60 | ENTRY1_PAPER_EXEC | Cypriot 1st Division | APOEL v Enosis Neon Paralimni | price=4.0 size=100.0
2026-01-03 16:21:34,105 [INFO] LTD60 | ENTRY2_PAPER_EXEC | Cypriot 1st Division | Ethnikos Achnas v A.E.L. | price=2.0 size=200.0
2026-01-03 16:48:04,552 [INFO] LTD60 | ENTRY1_PAPER_EXEC | Cypriot 1st Division | Akritas Chlorakas v Omonia | price=4.0 size=100.0
2026-01-03 17:18:07,954 [INFO] LTD60 | ENTRY1_PAPER_EXEC | Saudi Professional League | Al-Ittihad v Al-Taawoun Buraidah | price=4.0 size=100.0
2026-01-03 17:48:17,656 [INFO] LTD60 | ENTRY1_PAPER_EXEC | French Ligue 1 | Nice v Strasbourg | price=3.6 size=100.0
2026-01-03 18:35:31,808 [INFO] LTD60 | ASSIGNED | Indonesian Super League | Malut United v PSBS Biak Numfor
2026-01-03 19:53:12,361 [INFO] LTD60 | ENTRY1_PAPER_EXEC | French Ligue 1 | Lille v Rennes | price=4.0 size=100.0
2026-01-03 20:40:47,809 [INFO] LTD60 | ASSIGNED | Indonesian Super League | Psim Yogyakarta v Semen Padang
2026-01-03 20:40:48,135 [INFO] LTD60 | ASSIGNED | Indonesian Super League | Persis Solo v Persita Tangerang
2026-01-04 00:12:55,143 [INFO] LTD60 | ASSIGNED | English Sky Bet League 1 | Lincoln v Peterborough
2026-01-04 00:12:55,409 [INFO] LTD60 | ASSIGNED | Indonesian Super League | Bali Utd Pusam v Arema Cronus
2026-01-04 00:12:56,072 [INFO] LTD60 | ASSIGNED | English Sky Bet League 2 | MK Dons v Chesterfield
2026-01-04 00:12:56,205 [INFO] LTD60 | ASSIGNED | English Sky Bet League 1 | Bolton v Northampton
2026-01-04 00:12:56,355 [INFO] LTD60 | ASSIGNED | English Sky Bet League 2 | Cheltenham v Crawley Town
2026-01-04 02:14:06,326 [INFO] LTD60 | ASSIGNED | Cypriot 1st Division | Olympiakos Nicosia FC v Aris FC Limassol
2026-01-04 02:14:06,475 [INFO] LTD60 | ASSIGNED | French Ligue 1 | Marseille v Nantes
2026-01-04 03:14:46,995 [INFO] LTD60 | ASSIGNED | English Sky Bet League 2 | Notts Co v Gillingham
2026-01-04 03:14:47,121 [INFO] LTD60 | ASSIGNED | English Sky Bet League 2 | Barnet v Crewe
2026-01-04 03:14:47,249 [INFO] LTD60 | ASSIGNED | English Sky Bet League 1 | Wycombe v AFC Wimbledon
2026-01-04 03:14:47,521 [INFO] LTD60 | ASSIGNED | English Sky Bet League 2 | Bromley v Oldham
2026-01-04 03:14:48,096 [INFO] LTD60 | ASSIGNED | English Sky Bet League 1 | Rotherham v Mansfield
2026-01-04 03:14:48,385 [INFO] LTD60 | ASSIGNED | English Sky Bet League 1 | Blackpool v Bradford
2026-01-04 03:14:48,782 [INFO] LTD60 | ASSIGNED | English Sky Bet League 1 | Reading v Stockport
2026-01-04 03:14:48,925 [INFO] LTD60 | ASSIGNED | English Sky Bet League 2 | Cambridge Utd v Grimsby
2026-01-04 03:14:49,052 [INFO] LTD60 | ASSIGNED | English Sky Bet League 1 | Huddersfield v Exeter
2026-01-04 03:14:49,180 [INFO] LTD60 | ASSIGNED | English Sky Bet League 2 | Salford City v Shrewsbury
2026-01-04 03:14:49,451 [INFO] LTD60 | ASSIGNED | English Sky Bet League 1 | Stevenage v Leyton Orient
2026-01-04 03:14:49,853 [INFO] LTD60 | ASSIGNED | Cypriot 1st Division | AEK Larnaca v Anorthosis
2026-01-04 03:14:50,256 [INFO] LTD60 | ASSIGNED | English Sky Bet League 2 | Walsall v Fleetwood Town
2026-01-04 03:14:50,382 [INFO] LTD60 | ASSIGNED | English Sky Bet League 2 | Harrogate Town v Swindon
2026-01-04 03:14:50,668 [INFO] LTD60 | ASSIGNED | English Sky Bet League 1 | Doncaster v Luton
2026-01-04 03:14:50,812 [INFO] LTD60 | ASSIGNED | English Sky Bet League 1 | Cardiff v Wigan
2026-01-04 03:14:50,987 [INFO] LTD60 | ASSIGNED | English Sky Bet League 1 | Plymouth v Burton Albion
2026-01-04 03:14:51,128 [INFO] LTD60 | ASSIGNED | English Sky Bet League 2 | Newport County v Tranmere
2026-01-04 03:14:51,527 [INFO] LTD60 | ASSIGNED | English Sky Bet League 1 | Port Vale v Barnsley
2026-01-04 03:14:51,648 [INFO] LTD60 | ASSIGNED | English Sky Bet League 2 | Barrow v Bristol Rovers
2026-01-04 03:14:51,801 [INFO] LTD60 | ASSIGNED | English Sky Bet League 2 | Colchester v Accrington
2026-01-04 03:14:52,184 [INFO] LTD60 | ASSIGNED | Saudi Professional League | Al-Hazm (KSA) v NEOM Sports Club
2026-01-04 04:45:59,343 [INFO] LTD60 | ASSIGNED | French Ligue 1 | Brest v Auxerre
2026-01-04 04:45:59,486 [INFO] LTD60 | ASSIGNED | French Ligue 1 | Lorient v Metz
2026-01-04 04:45:59,614 [INFO] LTD60 | ASSIGNED | French Ligue 1 | Le Havre v Angers
2026-01-04 05:16:28,057 [INFO] LTD60 | ASSIGNED | Cypriot 1st Division | Apollon Limassol v Pafos FC
2026-01-04 05:46:48,861 [INFO] LTD60 | ASSIGNED | Saudi Professional League | Al-Quadisiya (KSA) v Al Riyadh SC
2026-01-04 05:46:49,129 [INFO] LTD60 | ASSIGNED | Saudi Professional League | Dhamk v Al-Hilal
2026-01-04 06:18:33,785 [INFO] LTD60 | ENTRY1_PAPER_EXEC | Indonesian Super League | Malut United v PSBS Biak Numfor | price=4.0 size=100.0
2026-01-04 07:47:58,097 [INFO] LTD60 | ASSIGNED | French Ligue 1 | Paris St-G v Paris FC
2026-01-04 08:18:12,488 [INFO] LTD60 | ENTRY1_PAPER_EXEC | Indonesian Super League | Psim Yogyakarta v Semen Padang | price=4.0 size=100.0
2026-01-04 08:18:12,891 [INFO] LTD60 | ENTRY1_PAPER_EXEC | Indonesian Super League | Persis Solo v Persita Tangerang | price=3.7 size=100.0
2026-01-04 11:48:18,611 [INFO] LTD60 | ENTRY1_PAPER_EXEC | English Sky Bet League 1 | Lincoln v Peterborough | price=3.7 size=100.0
2026-01-04 11:48:18,822 [INFO] LTD60 | ENTRY1_PAPER_EXEC | Indonesian Super League | Bali Utd Pusam v Arema Cronus | price=3.95 size=100.0
2026-01-04 11:48:19,357 [INFO] LTD60 | ENTRY1_PAPER_EXEC | English Sky Bet League 2 | MK Dons v Chesterfield | price=4.0 size=100.0
2026-01-04 11:48:19,547 [INFO] LTD60 | ENTRY1_PAPER_EXEC | English Sky Bet League 1 | Bolton v Northampton | price=4.0 size=100.0
2026-01-04 11:48:19,775 [INFO] LTD60 | ENTRY1_PAPER_EXEC | English Sky Bet League 2 | Cheltenham v Crawley Town | price=3.65 size=100.0
